<?xml version="1.0" encoding="UTF-8"?>
<!-- Generated by org.testng.reporters.JUnitXMLReporter -->
<testsuite hostname="DESKTOP-F7SHF1O" ignored="0" name="Test" tests="2" failures="1" timestamp="31 Dec 2022 04:04:05 GMT" time="44.74" errors="0">
  <testcase name="provideAccessToEmployee" time="8.986" classname="com.orangehrm.tests.TC_Admin_002"/>
  <testcase name="createEmployeeFromPIM" time="18.183" classname="com.orangehrm.tests.TC_PIM_001">
    <failure type="java.lang.NullPointerException">
      <![CDATA[java.lang.NullPointerException
at com.orangehrm.utils.BaseClass.setTestData(BaseClass.java:188)
at com.orangehrm.tests.TC_PIM_001.createEmployeeFromPIM(TC_PIM_001.java:28)
... Removed 28 stack frames]]>
    </failure>
  </testcase> <!-- createEmployeeFromPIM -->
</testsuite> <!-- Test -->
