<?xml version="1.0" encoding="UTF-8"?>
<testng-results skipped="0" failed="1" ignored="0" total="2" passed="1">
  <reporter-output>
  </reporter-output>
  <suite name="Suite" duration-ms="44740" started-at="2022-12-31T04:03:21Z" finished-at="2022-12-31T04:04:05Z">
    <groups>
    </groups>
    <test name="Test" duration-ms="44740" started-at="2022-12-31T04:03:21Z" finished-at="2022-12-31T04:04:05Z">
      <class name="com.orangehrm.tests.TC_Admin_002">
        <test-method status="PASS" signature="openApp()[pri:0, instance:com.orangehrm.tests.TC_Admin_002@6a01e23]" name="openApp" is-config="true" duration-ms="6509" started-at="2022-12-31T04:03:22Z" finished-at="2022-12-31T04:03:29Z">
          <reporter-output>
          </reporter-output>
        </test-method> <!-- openApp -->
        <test-method status="PASS" signature="provideAccessToEmployee(java.util.LinkedHashMap)[pri:0, instance:com.orangehrm.tests.TC_Admin_002@6a01e23]" name="provideAccessToEmployee" duration-ms="8986" started-at="2022-12-31T04:03:29Z" data-provider="getTCData" finished-at="2022-12-31T04:03:38Z">
          <params>
            <param index="0">
              <value>
                <![CDATA[{User role=ESS, Employee Name=Henry Chase83, Status=Enabled, Password=Password@123}]]>
              </value>
            </param>
          </params>
          <reporter-output>
          </reporter-output>
        </test-method> <!-- provideAccessToEmployee -->
      </class> <!-- com.orangehrm.tests.TC_Admin_002 -->
      <class name="com.orangehrm.tests.TC_PIM_001">
        <test-method status="PASS" signature="openApp()[pri:0, instance:com.orangehrm.tests.TC_PIM_001@13c10b87]" name="openApp" is-config="true" duration-ms="8986" started-at="2022-12-31T04:03:38Z" finished-at="2022-12-31T04:03:47Z">
          <reporter-output>
          </reporter-output>
        </test-method> <!-- openApp -->
        <test-method status="FAIL" signature="createEmployeeFromPIM(java.util.LinkedHashMap)[pri:1, instance:com.orangehrm.tests.TC_PIM_001@13c10b87]" name="createEmployeeFromPIM" duration-ms="18183" started-at="2022-12-31T04:03:47Z" data-provider="getTC1Data" finished-at="2022-12-31T04:04:05Z">
          <params>
            <param index="0">
              <value>
                <![CDATA[{Fname=Henry, Lname=Chase, UserName=Hernyf, Password=Password@123}]]>
              </value>
            </param>
          </params>
          <exception class="java.lang.NullPointerException">
            <full-stacktrace>
              <![CDATA[java.lang.NullPointerException
at com.orangehrm.utils.BaseClass.setTestData(BaseClass.java:188)
at com.orangehrm.tests.TC_PIM_001.createEmployeeFromPIM(TC_PIM_001.java:28)
at sun.reflect.NativeMethodAccessorImpl.invoke0(Native Method)
at sun.reflect.NativeMethodAccessorImpl.invoke(NativeMethodAccessorImpl.java:62)
at sun.reflect.DelegatingMethodAccessorImpl.invoke(DelegatingMethodAccessorImpl.java:43)
at java.lang.reflect.Method.invoke(Method.java:498)
at org.testng.internal.MethodInvocationHelper.invokeMethod(MethodInvocationHelper.java:124)
at org.testng.internal.Invoker.invokeMethod(Invoker.java:583)
at org.testng.internal.Invoker.invokeTestMethod(Invoker.java:719)
at org.testng.internal.Invoker.invokeTestMethods(Invoker.java:989)
at org.testng.internal.TestMethodWorker.invokeTestMethods(TestMethodWorker.java:125)
at org.testng.internal.TestMethodWorker.run(TestMethodWorker.java:109)
at org.testng.TestRunner.privateRun(TestRunner.java:648)
at org.testng.TestRunner.run(TestRunner.java:505)
at org.testng.SuiteRunner.runTest(SuiteRunner.java:455)
at org.testng.SuiteRunner.runSequentially(SuiteRunner.java:450)
at org.testng.SuiteRunner.privateRun(SuiteRunner.java:415)
at org.testng.SuiteRunner.run(SuiteRunner.java:364)
at org.testng.SuiteRunnerWorker.runSuite(SuiteRunnerWorker.java:52)
at org.testng.SuiteRunnerWorker.run(SuiteRunnerWorker.java:84)
at org.testng.TestNG.runSuitesSequentially(TestNG.java:1208)
at org.testng.TestNG.runSuitesLocally(TestNG.java:1137)
at org.testng.TestNG.runSuites(TestNG.java:1049)
at org.testng.TestNG.run(TestNG.java:1017)
at org.apache.maven.surefire.testng.TestNGExecutor.run(TestNGExecutor.java:295)
at org.apache.maven.surefire.testng.TestNGXmlTestSuite.execute(TestNGXmlTestSuite.java:84)
at org.apache.maven.surefire.testng.TestNGProvider.invoke(TestNGProvider.java:90)
at org.apache.maven.surefire.booter.ForkedBooter.invokeProviderInSameClassLoader(ForkedBooter.java:203)
at org.apache.maven.surefire.booter.ForkedBooter.runSuitesInProcess(ForkedBooter.java:155)
at org.apache.maven.surefire.booter.ForkedBooter.main(ForkedBooter.java:103)
]]>
            </full-stacktrace>
          </exception> <!-- java.lang.NullPointerException -->
          <reporter-output>
          </reporter-output>
        </test-method> <!-- createEmployeeFromPIM -->
      </class> <!-- com.orangehrm.tests.TC_PIM_001 -->
    </test> <!-- Test -->
  </suite> <!-- Suite -->
</testng-results>
