-------------------------------------------------------------------------------
Test set: TestSuite
-------------------------------------------------------------------------------
Tests run: 2, Failures: 1, Errors: 0, Skipped: 0, Time elapsed: 46.05 sec <<< FAILURE! - in TestSuite
createEmployeeFromPIM(com.orangehrm.tests.TC_PIM_001)  Time elapsed: 18.188 sec  <<< FAILURE!
java.lang.NullPointerException: null
	at com.orangehrm.utils.BaseClass.setTestData(BaseClass.java:188)
	at com.orangehrm.tests.TC_PIM_001.createEmployeeFromPIM(TC_PIM_001.java:28)

