<?xml version="1.0" encoding="UTF-8"?>
<testsuite name="TestSuite" time="27.175" tests="2" errors="0" skipped="0" failures="1">
  <properties>
[...]
</properties>
  <testcase name="provideAccessToEmployee" classname="com.orangehrm.tests.TC_Admin_002" time="8.987"/>
  <testcase name="createEmployeeFromPIM" classname="com.orangehrm.tests.TC_PIM_001" time="18.188">
    <failure type="java.lang.NullPointerException:">java.lang.NullPointerException: null
	at com.orangehrm.utils.BaseClass.setTestData(BaseClass.java:188)
	at com.orangehrm.tests.TC_PIM_001.createEmployeeFromPIM(TC_PIM_001.java:28)
</failure>
    <system-out><![CDATA[0
4
1
Henry
Chase
Hernyf
Password@123
emp is Henry Chase4
]]></system-out>
    <system-err><![CDATA[Starting ChromeDriver 108.0.5359.71 (1e0e3868ee06e91ad636a874420e3ca3ae3756ac-refs/branch-heads/5359@{#1016}) on port 34462
Only local connections are allowed.
Please see https://chromedriver.chromium.org/security-considerations for suggestions on keeping ChromeDriver safe.
ChromeDriver was started successfully.
Dec 31, 2022 9:33:40 AM org.openqa.selenium.devtools.CdpVersionFinder findNearestMatch
WARNING: Unable to find an exact match for CDP version 108, so returning the closest version found: 107
]]></system-err>
  </testcase>
</testsuite>